[dotenv] Set [36mRAILS_ENV[0m, [36mRAILS_MAX_THREADS[0m, [36mRAILS_MIN_THREADS[0m, [36mPORT[0m, [36mREDIS_URL[0m, [36mDATABASE_PASSWORD[0m, [36mDATABASE_USERNAME[0m, [36mNDI_NEXUS_X_API_KEY[0m, [36mNDI_NEXUS_CREATE_PROOF_REQUEST_URL[0m, [36mOBO_APPLICATION_INITIATION_URL[0m, [36mOBO_ACCOUNT_CREATION_URL[0m, [36mOBO_NOMINEE_CREATION_URL[0m, [36mOBO_SPOUSE_CREATION_URL[0m, and [36mCHECK_ACCOUNT_EXIST_URL[0m
[dotenv] Loaded [33m.env[0m
  [1m[35m (105.4ms)[0m  [1m[35mCREATE DATABASE "aos" ENCODING = 'unicode' /*application='BnbOnboard'*/[0m
[dotenv] Set [36mRAILS_ENV[0m, [36mRAILS_MAX_THREADS[0m, [36mRAILS_MIN_THREADS[0m, [36mPORT[0m, [36mREDIS_URL[0m, [36mDATABASE_PASSWORD[0m, [36mDATABASE_USERNAME[0m, [36mNDI_NEXUS_X_API_KEY[0m, [36mNDI_NEXUS_CREATE_PROOF_REQUEST_URL[0m, [36mOBO_APPLICATION_INITIATION_URL[0m, [36mOBO_ACCOUNT_CREATION_URL[0m, [36mOBO_NOMINEE_CREATION_URL[0m, [36mOBO_SPOUSE_CREATION_URL[0m, and [36mCHECK_ACCOUNT_EXIST_URL[0m
[dotenv] Loaded [33m.env[0m
  [1m[35mSQL (0.2ms)[0m  [1m[35mSET search_path TO public /*application='BnbOnboard'*/[0m
  [1m[35m (229.5ms)[0m  [1m[35mCREATE DATABASE "aos" ENCODING = 'unicode' /*application='BnbOnboard'*/[0m
  [1m[35mSQL (0.3ms)[0m  [1m[35mSET search_path TO public /*application='BnbOnboard'*/[0m
  [1m[35m (58.6ms)[0m  [1m[35mCREATE DATABASE "aos" ENCODING = 'unicode' /*application='BnbOnboard'*/[0m
[dotenv] Set [36mRAILS_ENV[0m, [36mRAILS_MAX_THREADS[0m, [36mRAILS_MIN_THREADS[0m, [36mPORT[0m, [36mREDIS_URL[0m, [36mDATABASE_PASSWORD[0m, [36mDATABASE_USERNAME[0m, [36mNDI_NEXUS_X_API_KEY[0m, [36mNDI_NEXUS_CREATE_PROOF_REQUEST_URL[0m, [36mOBO_APPLICATION_INITIATION_URL[0m, [36mOBO_ACCOUNT_CREATION_URL[0m, [36mOBO_NOMINEE_CREATION_URL[0m, [36mOBO_SPOUSE_CREATION_URL[0m, and [36mCHECK_ACCOUNT_EXIST_URL[0m
[dotenv] Loaded [33m.env[0m
  [1m[35mSQL (0.8ms)[0m  [1m[35mCREATE EXTENSION IF NOT EXISTS "plpgsql" SCHEMA pg_catalog /*application='BnbOnboard'*/[0m
  [1m[35m (0.3ms)[0m  [1m[35mDROP TABLE IF EXISTS "account_documents" CASCADE /*application='BnbOnboard'*/[0m
  [1m[35m (14.5ms)[0m  [1m[35mCREATE TABLE "account_documents" ("id" bigserial primary key, "document_type" character varying, "base64_data" text, "account_id" bigint NOT NULL, "created_at" timestamp(6) NOT NULL, "updated_at" timestamp(6) NOT NULL) /*application='BnbOnboard'*/[0m
  [1m[35m (2.6ms)[0m  [1m[35mCREATE INDEX "index_account_documents_on_account_id" ON "account_documents" ("account_id") /*application='BnbOnboard'*/[0m
  [1m[35m (0.3ms)[0m  [1m[35mDROP TABLE IF EXISTS "accounts" CASCADE /*application='BnbOnboard'*/[0m
  [1m[35m (6.8ms)[0m  [1m[35mCREATE TABLE "accounts" ("id" bigserial primary key, "account_number" character varying, "base_number" character varying, "currency" character varying, "account_type" character varying, "mode_of_operation" character varying, "branch_code" character varying, "status" character varying, "remarks" text, "sync_with_obo" boolean DEFAULT FALSE, "obo_application_no" character varying, "thread_id" character varying, "created_at" timestamp(6) NOT NULL, "updated_at" timestamp(6) NOT NULL) /*application='BnbOnboard'*/[0m
  [1m[35m (0.4ms)[0m  [1m[35mDROP TABLE IF EXISTS "addresses" CASCADE /*application='BnbOnboard'*/[0m
  [1m[35m (5.8ms)[0m  [1m[35mCREATE TABLE "addresses" ("id" bigserial primary key, "address_type" character varying, "country" character varying, "district" character varying, "sub_district" character varying, "block" character varying, "village" character varying, "land_record_number" character varying, "house_number" character varying, "account_id" bigint NOT NULL, "created_at" timestamp(6) NOT NULL, "updated_at" timestamp(6) NOT NULL) /*application='BnbOnboard'*/[0m
  [1m[35m (1.9ms)[0m  [1m[35mCREATE INDEX "index_addresses_on_account_id" ON "addresses" ("account_id") /*application='BnbOnboard'*/[0m
  [1m[35m (0.3ms)[0m  [1m[35mDROP TABLE IF EXISTS "contact_details" CASCADE /*application='BnbOnboard'*/[0m
  [1m[35m (5.7ms)[0m  [1m[35mCREATE TABLE "contact_details" ("id" bigserial primary key, "contact_number" character varying, "email_id" character varying, "account_id" bigint NOT NULL, "created_at" timestamp(6) NOT NULL, "updated_at" timestamp(6) NOT NULL) /*application='BnbOnboard'*/[0m
  [1m[35m (2.1ms)[0m  [1m[35mCREATE INDEX "index_contact_details_on_account_id" ON "contact_details" ("account_id") /*application='BnbOnboard'*/[0m
  [1m[35m (0.3ms)[0m  [1m[35mDROP TABLE IF EXISTS "emergency_contacts" CASCADE /*application='BnbOnboard'*/[0m
  [1m[35m (6.9ms)[0m  [1m[35mCREATE TABLE "emergency_contacts" ("id" bigserial primary key, "name" character varying, "relationship" character varying, "contact_number" character varying, "cid_number" character varying, "address" text, "account_id" bigint NOT NULL, "created_at" timestamp(6) NOT NULL, "updated_at" timestamp(6) NOT NULL) /*application='BnbOnboard'*/[0m
  [1m[35m (2.2ms)[0m  [1m[35mCREATE INDEX "index_emergency_contacts_on_account_id" ON "emergency_contacts" ("account_id") /*application='BnbOnboard'*/[0m
  [1m[35m (0.3ms)[0m  [1m[35mDROP TABLE IF EXISTS "employment_details" CASCADE /*application='BnbOnboard'*/[0m
  [1m[35m (6.1ms)[0m  [1m[35mCREATE TABLE "employment_details" ("id" bigserial primary key, "employment_type" character varying, "employee_type" character varying, "employee_id" character varying, "organization_name" character varying, "organization_address" character varying, "designation" character varying, "personal_detail_id" bigint NOT NULL, "created_at" timestamp(6) NOT NULL, "updated_at" timestamp(6) NOT NULL) /*application='BnbOnboard'*/[0m
  [1m[35m (3.0ms)[0m  [1m[35mCREATE INDEX "index_employment_details_on_personal_detail_id" ON "employment_details" ("personal_detail_id") /*application='BnbOnboard'*/[0m
  [1m[35m (0.3ms)[0m  [1m[35mDROP TABLE IF EXISTS "identity_details" CASCADE /*application='BnbOnboard'*/[0m
  [1m[35m (5.5ms)[0m  [1m[35mCREATE TABLE "identity_details" ("id" bigserial primary key, "id_type" character varying, "id_number" character varying, "id_issued_on" date, "id_expires_on" date, "account_id" bigint NOT NULL, "created_at" timestamp(6) NOT NULL, "updated_at" timestamp(6) NOT NULL) /*application='BnbOnboard'*/[0m
  [1m[35m (2.1ms)[0m  [1m[35mCREATE INDEX "index_identity_details_on_account_id" ON "identity_details" ("account_id") /*application='BnbOnboard'*/[0m
  [1m[35m (0.3ms)[0m  [1m[35mDROP TABLE IF EXISTS "income_details" CASCADE /*application='BnbOnboard'*/[0m
  [1m[35m (5.6ms)[0m  [1m[35mCREATE TABLE "income_details" ("id" bigserial primary key, "source_of_income" character varying, "gross_annual_income" decimal, "account_id" bigint NOT NULL, "created_at" timestamp(6) NOT NULL, "updated_at" timestamp(6) NOT NULL) /*application='BnbOnboard'*/[0m
  [1m[35m (2.1ms)[0m  [1m[35mCREATE INDEX "index_income_details_on_account_id" ON "income_details" ("account_id") /*application='BnbOnboard'*/[0m
  [1m[35m (0.3ms)[0m  [1m[35mDROP TABLE IF EXISTS "nominees" CASCADE /*application='BnbOnboard'*/[0m
  [1m[35m (6.0ms)[0m  [1m[35mCREATE TABLE "nominees" ("id" bigserial primary key, "name" character varying, "date_of_birth" date, "relationship" character varying, "cid_number" character varying, "contact_number" character varying, "share_percentage" decimal, "account_id" bigint NOT NULL, "created_at" timestamp(6) NOT NULL, "updated_at" timestamp(6) NOT NULL) /*application='BnbOnboard'*/[0m
  [1m[35m (2.1ms)[0m  [1m[35mCREATE INDEX "index_nominees_on_account_id" ON "nominees" ("account_id") /*application='BnbOnboard'*/[0m
  [1m[35m (0.3ms)[0m  [1m[35mDROP TABLE IF EXISTS "personal_details" CASCADE /*application='BnbOnboard'*/[0m
  [1m[35m (9.2ms)[0m  [1m[35mCREATE TABLE "personal_details" ("id" bigserial primary key, "salutation" character varying, "gender" character varying, "first_name" character varying, "middle_name" character varying, "last_name" character varying, "date_of_birth" date, "nationality" character varying, "education_level" character varying, "marital_status" character varying, "employment_status" character varying, "tax_payer_no" character varying, "account_id" bigint NOT NULL, "created_at" timestamp(6) NOT NULL, "updated_at" timestamp(6) NOT NULL) /*application='BnbOnboard'*/[0m
  [1m[35m (2.4ms)[0m  [1m[35mCREATE INDEX "index_personal_details_on_account_id" ON "personal_details" ("account_id") /*application='BnbOnboard'*/[0m
  [1m[35m (0.4ms)[0m  [1m[35mDROP TABLE IF EXISTS "roles" CASCADE /*application='BnbOnboard'*/[0m
  [1m[35m (6.4ms)[0m  [1m[35mCREATE TABLE "roles" ("id" bigserial primary key, "name" character varying, "created_at" timestamp(6) NOT NULL, "updated_at" timestamp(6) NOT NULL) /*application='BnbOnboard'*/[0m
  [1m[35m (0.4ms)[0m  [1m[35mDROP TABLE IF EXISTS "spouse_details" CASCADE /*application='BnbOnboard'*/[0m
  [1m[35m (6.3ms)[0m  [1m[35mCREATE TABLE "spouse_details" ("id" bigserial primary key, "name" character varying, "date_of_birth" date, "cid_number" character varying, "contact_number" character varying, "education_level" character varying, "employment_status" character varying, "account_number" character varying, "number_of_children" integer, "personal_detail_id" bigint NOT NULL, "created_at" timestamp(6) NOT NULL, "updated_at" timestamp(6) NOT NULL) /*application='BnbOnboard'*/[0m
  [1m[35m (2.4ms)[0m  [1m[35mCREATE INDEX "index_spouse_details_on_personal_detail_id" ON "spouse_details" ("personal_detail_id") /*application='BnbOnboard'*/[0m
  [1m[35m (0.4ms)[0m  [1m[35mDROP TABLE IF EXISTS "users" CASCADE /*application='BnbOnboard'*/[0m
  [1m[35m (6.0ms)[0m  [1m[35mCREATE TABLE "users" ("id" bigserial primary key, "user_name" character varying, "email" character varying, "password" character varying, "branch" character varying, "role_id" bigint NOT NULL, "created_at" timestamp(6) NOT NULL, "updated_at" timestamp(6) NOT NULL) /*application='BnbOnboard'*/[0m
  [1m[35m (2.2ms)[0m  [1m[35mCREATE INDEX "index_users_on_role_id" ON "users" ("role_id") /*application='BnbOnboard'*/[0m
  [1m[35m (4.4ms)[0m  [1m[35mALTER TABLE "account_documents" ADD CONSTRAINT "fk_rails_f14195aa6c"
FOREIGN KEY ("account_id")
  REFERENCES "accounts" ("id")
 /*application='BnbOnboard'*/[0m
  [1m[35m (2.1ms)[0m  [1m[35mALTER TABLE "addresses" ADD CONSTRAINT "fk_rails_ecb8c3ff41"
FOREIGN KEY ("account_id")
  REFERENCES "accounts" ("id")
 /*application='BnbOnboard'*/[0m
  [1m[35m (2.0ms)[0m  [1m[35mALTER TABLE "contact_details" ADD CONSTRAINT "fk_rails_983a09fbd2"
FOREIGN KEY ("account_id")
  REFERENCES "accounts" ("id")
 /*application='BnbOnboard'*/[0m
  [1m[35m (2.0ms)[0m  [1m[35mALTER TABLE "emergency_contacts" ADD CONSTRAINT "fk_rails_a9e0467f42"
FOREIGN KEY ("account_id")
  REFERENCES "accounts" ("id")
 /*application='BnbOnboard'*/[0m
  [1m[35m (2.2ms)[0m  [1m[35mALTER TABLE "employment_details" ADD CONSTRAINT "fk_rails_6a149fc0c4"
FOREIGN KEY ("personal_detail_id")
  REFERENCES "personal_details" ("id")
 /*application='BnbOnboard'*/[0m
  [1m[35m (1.9ms)[0m  [1m[35mALTER TABLE "identity_details" ADD CONSTRAINT "fk_rails_2a47194a1c"
FOREIGN KEY ("account_id")
  REFERENCES "accounts" ("id")
 /*application='BnbOnboard'*/[0m
  [1m[35m (2.0ms)[0m  [1m[35mALTER TABLE "income_details" ADD CONSTRAINT "fk_rails_a74e687103"
FOREIGN KEY ("account_id")
  REFERENCES "accounts" ("id")
 /*application='BnbOnboard'*/[0m
  [1m[35m (2.4ms)[0m  [1m[35mALTER TABLE "nominees" ADD CONSTRAINT "fk_rails_c91640eb1a"
FOREIGN KEY ("account_id")
  REFERENCES "accounts" ("id")
 /*application='BnbOnboard'*/[0m
  [1m[35m (2.5ms)[0m  [1m[35mALTER TABLE "personal_details" ADD CONSTRAINT "fk_rails_46c85840a1"
FOREIGN KEY ("account_id")
  REFERENCES "accounts" ("id")
 /*application='BnbOnboard'*/[0m
  [1m[35m (2.6ms)[0m  [1m[35mALTER TABLE "spouse_details" ADD CONSTRAINT "fk_rails_2240e9dcd8"
FOREIGN KEY ("personal_detail_id")
  REFERENCES "personal_details" ("id")
 /*application='BnbOnboard'*/[0m
  [1m[35m (2.9ms)[0m  [1m[35mALTER TABLE "users" ADD CONSTRAINT "fk_rails_642f17018b"
FOREIGN KEY ("role_id")
  REFERENCES "roles" ("id")
 /*application='BnbOnboard'*/[0m
  [1m[35m (6.6ms)[0m  [1m[35mCREATE TABLE "schema_migrations" ("version" character varying NOT NULL PRIMARY KEY) /*application='BnbOnboard'*/[0m
  [1m[36mActiveRecord::SchemaMigration Load (1.1ms)[0m  [1m[34mSELECT "schema_migrations"."version" FROM "schema_migrations" ORDER BY "schema_migrations"."version" ASC /*application='BnbOnboard'*/[0m
  [1m[35m (1.1ms)[0m  [1m[32mINSERT INTO "schema_migrations" (version) VALUES (20250709054319) /*application='BnbOnboard'*/[0m
  [1m[35m (0.8ms)[0m  [1m[32mINSERT INTO "schema_migrations" (version) VALUES
(20250521064312),
(20250520100159),
(20250520093132),
(20250520092356),
(20250520092033),
(20250520091803),
(20250520091028),
(20250520084619),
(20250520083629),
(20250520082120),
(20250520064904),
(20250520064837); /*application='BnbOnboard'*/[0m
  [1m[35m (5.3ms)[0m  [1m[35mCREATE TABLE "ar_internal_metadata" ("key" character varying NOT NULL PRIMARY KEY, "value" character varying, "created_at" timestamp(6) NOT NULL, "updated_at" timestamp(6) NOT NULL) /*application='BnbOnboard'*/[0m
  [1m[36mActiveRecord::InternalMetadata Load (1.7ms)[0m  [1m[34mSELECT * FROM "ar_internal_metadata" WHERE "ar_internal_metadata"."key" = 'environment' ORDER BY "ar_internal_metadata"."key" ASC LIMIT 1 /*application='BnbOnboard'*/[0m
  [1m[36mActiveRecord::InternalMetadata Create (1.2ms)[0m  [1m[32mINSERT INTO "ar_internal_metadata" ("key", "value", "created_at", "updated_at") VALUES ('environment', 'development', '2025-08-01 09:25:32.077699', '2025-08-01 09:25:32.077706') RETURNING "key" /*application='BnbOnboard'*/[0m
  [1m[36mActiveRecord::InternalMetadata Load (0.5ms)[0m  [1m[34mSELECT * FROM "ar_internal_metadata" WHERE "ar_internal_metadata"."key" = 'environment' ORDER BY "ar_internal_metadata"."key" ASC LIMIT 1 /*application='BnbOnboard'*/[0m
  [1m[36mActiveRecord::InternalMetadata Load (0.5ms)[0m  [1m[34mSELECT * FROM "ar_internal_metadata" WHERE "ar_internal_metadata"."key" = 'schema_sha1' ORDER BY "ar_internal_metadata"."key" ASC LIMIT 1 /*application='BnbOnboard'*/[0m
  [1m[36mActiveRecord::InternalMetadata Create (0.8ms)[0m  [1m[32mINSERT INTO "ar_internal_metadata" ("key", "value", "created_at", "updated_at") VALUES ('schema_sha1', 'dc12ed4b1059e7de61bf13b149b83aa69421216c', '2025-08-01 09:25:32.087864', '2025-08-01 09:25:32.087871') RETURNING "key" /*application='BnbOnboard'*/[0m
  [1m[35m (0.5ms)[0m  [1m[34mSELECT pg_try_advisory_lock(5417102492701029375) /*application='BnbOnboard'*/[0m
  [1m[36mActiveRecord::SchemaMigration Load (0.6ms)[0m  [1m[34mSELECT "schema_migrations"."version" FROM "schema_migrations" ORDER BY "schema_migrations"."version" ASC /*application='BnbOnboard'*/[0m
  [1m[36mActiveRecord::InternalMetadata Load (0.5ms)[0m  [1m[34mSELECT * FROM "ar_internal_metadata" WHERE "ar_internal_metadata"."key" = 'environment' ORDER BY "ar_internal_metadata"."key" ASC LIMIT 1 /*application='BnbOnboard'*/[0m
  [1m[35m (0.5ms)[0m  [1m[34mSELECT pg_advisory_unlock(5417102492701029375) /*application='BnbOnboard'*/[0m
  [1m[36mActiveRecord::SchemaMigration Load (0.5ms)[0m  [1m[34mSELECT "schema_migrations"."version" FROM "schema_migrations" ORDER BY "schema_migrations"."version" ASC /*application='BnbOnboard'*/[0m
[dotenv] Set [36mSECRET_KEY_BASE[0m, [36mRAILS_MAX_THREADS[0m, [36mRAILS_MIN_THREADS[0m, [36mPORT[0m, [36mREDIS_URL[0m, [36mDATABASE_PASSWORD[0m, [36mDATABASE_USERNAME[0m, [36mNDI_NEXUS_X_API_KEY[0m, [36mNDI_NEXUS_CREATE_PROOF_REQUEST_URL[0m, [36mOBO_APPLICATION_INITIATION_URL[0m, [36mOBO_ACCOUNT_CREATION_URL[0m, [36mOBO_NOMINEE_CREATION_URL[0m, [36mOBO_SPOUSE_CREATION_URL[0m, and [36mCHECK_ACCOUNT_EXIST_URL[0m
[dotenv] Loaded [33m.env[0m
[dotenv] Set [36mSECRET_KEY_BASE[0m, [36mRAILS_MAX_THREADS[0m, [36mRAILS_MIN_THREADS[0m, [36mPORT[0m, [36mREDIS_URL[0m, [36mDATABASE_PASSWORD[0m, [36mDATABASE_USERNAME[0m, [36mNDI_NEXUS_X_API_KEY[0m, [36mNDI_NEXUS_CREATE_PROOF_REQUEST_URL[0m, [36mOBO_APPLICATION_INITIATION_URL[0m, [36mOBO_ACCOUNT_CREATION_URL[0m, [36mOBO_NOMINEE_CREATION_URL[0m, [36mOBO_SPOUSE_CREATION_URL[0m, and [36mCHECK_ACCOUNT_EXIST_URL[0m
[dotenv] Loaded [33m.env[0m
